<?xml version="1.0" encoding="UTF-8"?>
<!-- Generated by org.testng.reporters.JUnitXMLReporter -->
<testsuite hostname="hurryface-lm" name="Test" tests="3" failures="0" timestamp="21 Aug 2015 06:26:24 GMT" time="0.033" errors="0">
  <testcase name="createcustomertest" time="0.007" classname="TestNG.BeforeAndAfterTest"/>
  <testcase name="createcustomertest" time="0.0" classname="TestNG.NewTest"/>
  <testcase name="modifycustomertest" time="0.0" classname="TestNG.BeforeAndAfterTest"/>
</testsuite> <!-- Test -->
